Fri Apr 11 09:43:25 PM IST 2025: Dotfiles synced and pushed.
Fri Apr 11 10:10:15 PM IST 2025: Dotfiles synced and pushed.
Fri Apr 11 10:17:01 PM IST 2025: Dotfiles synced and pushed.
Fri Apr 11 10:17:40 PM IST 2025: Dotfiles synced and pushed.
Fri Apr 11 10:22:17 PM IST 2025: Dotfiles synced and pushed.
Sat Apr 12 11:18:22 AM IST 2025: Dotfiles synced and pushed.
Sat Apr 12 04:06:28 PM IST 2025: Dotfiles synced and pushed.
Sat Apr 12 04:15:45 PM IST 2025: Dotfiles synced and pushed.
Sat Apr 12 04:28:48 PM IST 2025: Dotfiles synced and pushed.
Sat Apr 12 07:16:59 PM IST 2025: Dotfiles synced and pushed.
Sun Apr 13 11:32:58 AM IST 2025: Dotfiles synced and pushed.
Sun Apr 13 01:00:47 PM IST 2025: Dotfiles synced and pushed.
Mon Apr 14 07:34:33 AM IST 2025: Dotfiles synced and pushed.
Mon Apr 14 07:46:57 AM IST 2025: Dotfiles synced and pushed.
Mon Apr 14 11:24:08 AM IST 2025: Dotfiles synced and pushed.
Mon Apr 14 12:16:44 PM IST 2025: Dotfiles synced and pushed.
Mon Apr 14 12:20:58 PM IST 2025: Dotfiles synced and pushed.
Mon Apr 14 12:28:01 PM IST 2025: Dotfiles synced and pushed.
Mon Apr 14 04:32:25 PM IST 2025: Dotfiles synced and pushed.
Tue Apr 15 09:30:43 AM IST 2025: Dotfiles synced and pushed.
Tue Apr 15 09:31:57 PM IST 2025: Dotfiles synced and pushed.
Wed Apr 16 08:02:12 AM IST 2025: Dotfiles synced and pushed.
Wed Apr 16 09:47:20 PM IST 2025: Dotfiles synced and pushed.
Thu Apr 17 08:11:46 AM IST 2025: Dotfiles synced and pushed.
Thu Apr 17 07:54:35 PM IST 2025: Dotfiles synced and pushed.
Thu Apr 17 07:56:09 PM IST 2025: Dotfiles synced and pushed.
Thu Apr 17 07:57:47 PM IST 2025: Dotfiles synced and pushed.
Thu Apr 17 07:58:59 PM IST 2025: Dotfiles synced and pushed.
Thu Apr 17 08:12:02 PM IST 2025: Dotfiles synced and pushed.
