2025-04-13 07:47:27 Loading main app package /usr/lib/obsidian/obsidian.asar
2025-04-13 07:47:27 Checking for update using Github
2025-04-13 07:47:28 Success.
2025-04-13 07:47:28 Latest version is 1.8.9
2025-04-13 07:47:28 App is up to date.
2025-04-13 07:56:44 Loading main app package /usr/lib/obsidian/obsidian.asar
2025-04-13 07:56:45 Checking for update using Github
2025-04-13 07:56:45 Success.
2025-04-13 07:56:45 Latest version is 1.8.9
2025-04-13 07:56:45 App is up to date.
2025-04-13 08:03:13 Loading main app package /usr/lib/obsidian/obsidian.asar
2025-04-13 08:03:13 Checking for update using Github
2025-04-13 08:03:14 Success.
2025-04-13 08:03:14 Latest version is 1.8.9
2025-04-13 08:03:14 App is up to date.
2025-04-13 08:10:52 Loading main app package /usr/lib/obsidian/obsidian.asar
2025-04-13 08:10:52 Checking for update using Github
2025-04-13 08:10:52 Success.
2025-04-13 08:10:52 Latest version is 1.8.9
2025-04-13 08:10:52 App is up to date.
